[2021-09-23 09:45:38] local.ERROR: Symfony\Component\Debug\Exception\FatalErrorException: Uncaught Error: Call to undefined method Illuminate\Auth\Access\Gate::policies() in /Users/ashishupadhyay/Documents/work-related/projects/canonizer/code/canonizer.2.0/vendor/laravel/framework/src/Illuminate/Support/Facades/Facade.php:221
Stack trace:
#0 Command line code(1): Illuminate\Support\Facades\Facade::__callStatic('policies', Array)
#1 {main}
  thrown in /Users/ashishupadhyay/Documents/work-related/projects/canonizer/code/canonizer.2.0/vendor/laravel/framework/src/Illuminate/Support/Facades/Facade.php:221
Stack trace:
#0 {main}  
[2021-09-23 09:45:54] local.ERROR: RuntimeException: View path not found. in /Users/ashishupadhyay/Documents/work-related/projects/canonizer/code/canonizer.2.0/vendor/laravel/framework/src/Illuminate/Foundation/Console/ViewClearCommand.php:55
Stack trace:
#0 [internal function]: Illuminate\Foundation\Console\ViewClearCommand->fire()
#1 /Users/ashishupadhyay/Documents/work-related/projects/canonizer/code/canonizer.2.0/vendor/laravel/framework/src/Illuminate/Container/BoundMethod.php(29): call_user_func_array(Array, Array)
#2 /Users/ashishupadhyay/Documents/work-related/projects/canonizer/code/canonizer.2.0/vendor/laravel/framework/src/Illuminate/Container/BoundMethod.php(87): Illuminate\Container\BoundMethod::Illuminate\Container\{closure}()
#3 /Users/ashishupadhyay/Documents/work-related/projects/canonizer/code/canonizer.2.0/vendor/laravel/framework/src/Illuminate/Container/BoundMethod.php(31): Illuminate\Container\BoundMethod::callBoundMethod(Object(Illuminate\Foundation\Application), Array, Object(Closure))
#4 /Users/ashishupadhyay/Documents/work-related/projects/canonizer/code/canonizer.2.0/vendor/laravel/framework/src/Illuminate/Container/Container.php(539): Illuminate\Container\BoundMethod::call(Object(Illuminate\Foundation\Application), Array, Array, NULL)
#5 /Users/ashishupadhyay/Documents/work-related/projects/canonizer/code/canonizer.2.0/vendor/laravel/framework/src/Illuminate/Console/Command.php(182): Illuminate\Container\Container->call(Array)
#6 /Users/ashishupadhyay/Documents/work-related/projects/canonizer/code/canonizer.2.0/vendor/symfony/console/Command/Command.php(255): Illuminate\Console\Command->execute(Object(Symfony\Component\Console\Input\ArgvInput), Object(Illuminate\Console\OutputStyle))
#7 /Users/ashishupadhyay/Documents/work-related/projects/canonizer/code/canonizer.2.0/vendor/laravel/framework/src/Illuminate/Console/Command.php(167): Symfony\Component\Console\Command\Command->run(Object(Symfony\Component\Console\Input\ArgvInput), Object(Illuminate\Console\OutputStyle))
#8 /Users/ashishupadhyay/Documents/work-related/projects/canonizer/code/canonizer.2.0/vendor/symfony/console/Application.php(992): Illuminate\Console\Command->run(Object(Symfony\Component\Console\Input\ArgvInput), Object(Symfony\Component\Console\Output\ConsoleOutput))
#9 /Users/ashishupadhyay/Documents/work-related/projects/canonizer/code/canonizer.2.0/vendor/symfony/console/Application.php(255): Symfony\Component\Console\Application->doRunCommand(Object(Illuminate\Foundation\Console\ViewClearCommand), Object(Symfony\Component\Console\Input\ArgvInput), Object(Symfony\Component\Console\Output\ConsoleOutput))
#10 /Users/ashishupadhyay/Documents/work-related/projects/canonizer/code/canonizer.2.0/vendor/symfony/console/Application.php(148): Symfony\Component\Console\Application->doRun(Object(Symfony\Component\Console\Input\ArgvInput), Object(Symfony\Component\Console\Output\ConsoleOutput))
#11 /Users/ashishupadhyay/Documents/work-related/projects/canonizer/code/canonizer.2.0/vendor/laravel/framework/src/Illuminate/Foundation/Console/Kernel.php(122): Symfony\Component\Console\Application->run(Object(Symfony\Component\Console\Input\ArgvInput), Object(Symfony\Component\Console\Output\ConsoleOutput))
#12 /Users/ashishupadhyay/Documents/work-related/projects/canonizer/code/canonizer.2.0/artisan(35): Illuminate\Foundation\Console\Kernel->handle(Object(Symfony\Component\Console\Input\ArgvInput), Object(Symfony\Component\Console\Output\ConsoleOutput))
#13 {main}  
[2021-09-23 09:46:38] local.ERROR: Symfony\Component\Debug\Exception\FatalErrorException: Uncaught Error: Call to undefined method Illuminate\Auth\Access\Gate::policies() in /Users/ashishupadhyay/Documents/work-related/projects/canonizer/code/canonizer.2.0/vendor/laravel/framework/src/Illuminate/Support/Facades/Facade.php:221
Stack trace:
#0 Command line code(1): Illuminate\Support\Facades\Facade::__callStatic('policies', Array)
#1 {main}
  thrown in /Users/ashishupadhyay/Documents/work-related/projects/canonizer/code/canonizer.2.0/vendor/laravel/framework/src/Illuminate/Support/Facades/Facade.php:221
Stack trace:
#0 {main}  
[2021-09-23 09:47:38] local.ERROR: Symfony\Component\Debug\Exception\FatalErrorException: Uncaught Error: Call to undefined method Illuminate\Auth\Access\Gate::policies() in /Users/ashishupadhyay/Documents/work-related/projects/canonizer/code/canonizer.2.0/vendor/laravel/framework/src/Illuminate/Support/Facades/Facade.php:221
Stack trace:
#0 Command line code(1): Illuminate\Support\Facades\Facade::__callStatic('policies', Array)
#1 {main}
  thrown in /Users/ashishupadhyay/Documents/work-related/projects/canonizer/code/canonizer.2.0/vendor/laravel/framework/src/Illuminate/Support/Facades/Facade.php:221
Stack trace:
#0 {main}  
[2021-09-23 09:48:38] local.ERROR: Symfony\Component\Debug\Exception\FatalErrorException: Uncaught Error: Call to undefined method Illuminate\Auth\Access\Gate::policies() in /Users/ashishupadhyay/Documents/work-related/projects/canonizer/code/canonizer.2.0/vendor/laravel/framework/src/Illuminate/Support/Facades/Facade.php:221
Stack trace:
#0 Command line code(1): Illuminate\Support\Facades\Facade::__callStatic('policies', Array)
#1 {main}
  thrown in /Users/ashishupadhyay/Documents/work-related/projects/canonizer/code/canonizer.2.0/vendor/laravel/framework/src/Illuminate/Support/Facades/Facade.php:221
Stack trace:
#0 {main}  
[2021-09-23 09:49:38] local.ERROR: Symfony\Component\Debug\Exception\FatalErrorException: Uncaught Error: Call to undefined method Illuminate\Auth\Access\Gate::policies() in /Users/ashishupadhyay/Documents/work-related/projects/canonizer/code/canonizer.2.0/vendor/laravel/framework/src/Illuminate/Support/Facades/Facade.php:221
Stack trace:
#0 Command line code(1): Illuminate\Support\Facades\Facade::__callStatic('policies', Array)
#1 {main}
  thrown in /Users/ashishupadhyay/Documents/work-related/projects/canonizer/code/canonizer.2.0/vendor/laravel/framework/src/Illuminate/Support/Facades/Facade.php:221
Stack trace:
#0 {main}  
[2021-09-23 09:50:38] local.ERROR: Symfony\Component\Debug\Exception\FatalErrorException: Uncaught Error: Call to undefined method Illuminate\Auth\Access\Gate::policies() in /Users/ashishupadhyay/Documents/work-related/projects/canonizer/code/canonizer.2.0/vendor/laravel/framework/src/Illuminate/Support/Facades/Facade.php:221
Stack trace:
#0 Command line code(1): Illuminate\Support\Facades\Facade::__callStatic('policies', Array)
#1 {main}
  thrown in /Users/ashishupadhyay/Documents/work-related/projects/canonizer/code/canonizer.2.0/vendor/laravel/framework/src/Illuminate/Support/Facades/Facade.php:221
Stack trace:
#0 {main}  
[2021-09-23 09:51:38] local.ERROR: Symfony\Component\Debug\Exception\FatalErrorException: Uncaught Error: Call to undefined method Illuminate\Auth\Access\Gate::policies() in /Users/ashishupadhyay/Documents/work-related/projects/canonizer/code/canonizer.2.0/vendor/laravel/framework/src/Illuminate/Support/Facades/Facade.php:221
Stack trace:
#0 Command line code(1): Illuminate\Support\Facades\Facade::__callStatic('policies', Array)
#1 {main}
  thrown in /Users/ashishupadhyay/Documents/work-related/projects/canonizer/code/canonizer.2.0/vendor/laravel/framework/src/Illuminate/Support/Facades/Facade.php:221
Stack trace:
#0 {main}  
[2021-09-23 09:52:38] local.ERROR: Symfony\Component\Debug\Exception\FatalErrorException: Uncaught Error: Call to undefined method Illuminate\Auth\Access\Gate::policies() in /Users/ashishupadhyay/Documents/work-related/projects/canonizer/code/canonizer.2.0/vendor/laravel/framework/src/Illuminate/Support/Facades/Facade.php:221
Stack trace:
#0 Command line code(1): Illuminate\Support\Facades\Facade::__callStatic('policies', Array)
#1 {main}
  thrown in /Users/ashishupadhyay/Documents/work-related/projects/canonizer/code/canonizer.2.0/vendor/laravel/framework/src/Illuminate/Support/Facades/Facade.php:221
Stack trace:
#0 {main}  
[2021-09-23 09:53:38] local.ERROR: Symfony\Component\Debug\Exception\FatalErrorException: Uncaught Error: Call to undefined method Illuminate\Auth\Access\Gate::policies() in /Users/ashishupadhyay/Documents/work-related/projects/canonizer/code/canonizer.2.0/vendor/laravel/framework/src/Illuminate/Support/Facades/Facade.php:221
Stack trace:
#0 Command line code(1): Illuminate\Support\Facades\Facade::__callStatic('policies', Array)
#1 {main}
  thrown in /Users/ashishupadhyay/Documents/work-related/projects/canonizer/code/canonizer.2.0/vendor/laravel/framework/src/Illuminate/Support/Facades/Facade.php:221
Stack trace:
#0 {main}  
[2021-09-23 09:54:38] local.ERROR: Symfony\Component\Debug\Exception\FatalErrorException: Uncaught Error: Call to undefined method Illuminate\Auth\Access\Gate::policies() in /Users/ashishupadhyay/Documents/work-related/projects/canonizer/code/canonizer.2.0/vendor/laravel/framework/src/Illuminate/Support/Facades/Facade.php:221
Stack trace:
#0 Command line code(1): Illuminate\Support\Facades\Facade::__callStatic('policies', Array)
#1 {main}
  thrown in /Users/ashishupadhyay/Documents/work-related/projects/canonizer/code/canonizer.2.0/vendor/laravel/framework/src/Illuminate/Support/Facades/Facade.php:221
Stack trace:
#0 {main}  
[2021-09-23 09:55:38] local.ERROR: Symfony\Component\Debug\Exception\FatalErrorException: Uncaught Error: Call to undefined method Illuminate\Auth\Access\Gate::policies() in /Users/ashishupadhyay/Documents/work-related/projects/canonizer/code/canonizer.2.0/vendor/laravel/framework/src/Illuminate/Support/Facades/Facade.php:221
Stack trace:
#0 Command line code(1): Illuminate\Support\Facades\Facade::__callStatic('policies', Array)
#1 {main}
  thrown in /Users/ashishupadhyay/Documents/work-related/projects/canonizer/code/canonizer.2.0/vendor/laravel/framework/src/Illuminate/Support/Facades/Facade.php:221
Stack trace:
#0 {main}  
[2021-09-23 09:56:39] local.ERROR: Symfony\Component\Debug\Exception\FatalErrorException: Uncaught Error: Call to undefined method Illuminate\Auth\Access\Gate::policies() in /Users/ashishupadhyay/Documents/work-related/projects/canonizer/code/canonizer.2.0/vendor/laravel/framework/src/Illuminate/Support/Facades/Facade.php:221
Stack trace:
#0 Command line code(1): Illuminate\Support\Facades\Facade::__callStatic('policies', Array)
#1 {main}
  thrown in /Users/ashishupadhyay/Documents/work-related/projects/canonizer/code/canonizer.2.0/vendor/laravel/framework/src/Illuminate/Support/Facades/Facade.php:221
Stack trace:
#0 {main}  
[2021-09-23 09:57:38] local.ERROR: Symfony\Component\Debug\Exception\FatalErrorException: Uncaught Error: Call to undefined method Illuminate\Auth\Access\Gate::policies() in /Users/ashishupadhyay/Documents/work-related/projects/canonizer/code/canonizer.2.0/vendor/laravel/framework/src/Illuminate/Support/Facades/Facade.php:221
Stack trace:
#0 Command line code(1): Illuminate\Support\Facades\Facade::__callStatic('policies', Array)
#1 {main}
  thrown in /Users/ashishupadhyay/Documents/work-related/projects/canonizer/code/canonizer.2.0/vendor/laravel/framework/src/Illuminate/Support/Facades/Facade.php:221
Stack trace:
#0 {main}  
[2021-09-23 09:58:38] local.ERROR: Symfony\Component\Debug\Exception\FatalErrorException: Uncaught Error: Call to undefined method Illuminate\Auth\Access\Gate::policies() in /Users/ashishupadhyay/Documents/work-related/projects/canonizer/code/canonizer.2.0/vendor/laravel/framework/src/Illuminate/Support/Facades/Facade.php:221
Stack trace:
#0 Command line code(1): Illuminate\Support\Facades\Facade::__callStatic('policies', Array)
#1 {main}
  thrown in /Users/ashishupadhyay/Documents/work-related/projects/canonizer/code/canonizer.2.0/vendor/laravel/framework/src/Illuminate/Support/Facades/Facade.php:221
Stack trace:
#0 {main}  
[2021-09-23 09:59:38] local.ERROR: Symfony\Component\Debug\Exception\FatalErrorException: Uncaught Error: Call to undefined method Illuminate\Auth\Access\Gate::policies() in /Users/ashishupadhyay/Documents/work-related/projects/canonizer/code/canonizer.2.0/vendor/laravel/framework/src/Illuminate/Support/Facades/Facade.php:221
Stack trace:
#0 Command line code(1): Illuminate\Support\Facades\Facade::__callStatic('policies', Array)
#1 {main}
  thrown in /Users/ashishupadhyay/Documents/work-related/projects/canonizer/code/canonizer.2.0/vendor/laravel/framework/src/Illuminate/Support/Facades/Facade.php:221
Stack trace:
#0 {main}  
[2021-09-23 10:00:38] local.ERROR: Symfony\Component\Debug\Exception\FatalErrorException: Uncaught Error: Call to undefined method Illuminate\Auth\Access\Gate::policies() in /Users/ashishupadhyay/Documents/work-related/projects/canonizer/code/canonizer.2.0/vendor/laravel/framework/src/Illuminate/Support/Facades/Facade.php:221
Stack trace:
#0 Command line code(1): Illuminate\Support\Facades\Facade::__callStatic('policies', Array)
#1 {main}
  thrown in /Users/ashishupadhyay/Documents/work-related/projects/canonizer/code/canonizer.2.0/vendor/laravel/framework/src/Illuminate/Support/Facades/Facade.php:221
Stack trace:
#0 {main}  
[2021-09-23 10:01:38] local.ERROR: Symfony\Component\Debug\Exception\FatalErrorException: Uncaught Error: Call to undefined method Illuminate\Auth\Access\Gate::policies() in /Users/ashishupadhyay/Documents/work-related/projects/canonizer/code/canonizer.2.0/vendor/laravel/framework/src/Illuminate/Support/Facades/Facade.php:221
Stack trace:
#0 Command line code(1): Illuminate\Support\Facades\Facade::__callStatic('policies', Array)
#1 {main}
  thrown in /Users/ashishupadhyay/Documents/work-related/projects/canonizer/code/canonizer.2.0/vendor/laravel/framework/src/Illuminate/Support/Facades/Facade.php:221
Stack trace:
#0 {main}  
[2021-09-23 10:02:38] local.ERROR: Symfony\Component\Debug\Exception\FatalErrorException: Uncaught Error: Call to undefined method Illuminate\Auth\Access\Gate::policies() in /Users/ashishupadhyay/Documents/work-related/projects/canonizer/code/canonizer.2.0/vendor/laravel/framework/src/Illuminate/Support/Facades/Facade.php:221
Stack trace:
#0 Command line code(1): Illuminate\Support\Facades\Facade::__callStatic('policies', Array)
#1 {main}
  thrown in /Users/ashishupadhyay/Documents/work-related/projects/canonizer/code/canonizer.2.0/vendor/laravel/framework/src/Illuminate/Support/Facades/Facade.php:221
Stack trace:
#0 {main}  
[2021-09-23 10:03:38] local.ERROR: Symfony\Component\Debug\Exception\FatalErrorException: Uncaught Error: Call to undefined method Illuminate\Auth\Access\Gate::policies() in /Users/ashishupadhyay/Documents/work-related/projects/canonizer/code/canonizer.2.0/vendor/laravel/framework/src/Illuminate/Support/Facades/Facade.php:221
Stack trace:
#0 Command line code(1): Illuminate\Support\Facades\Facade::__callStatic('policies', Array)
#1 {main}
  thrown in /Users/ashishupadhyay/Documents/work-related/projects/canonizer/code/canonizer.2.0/vendor/laravel/framework/src/Illuminate/Support/Facades/Facade.php:221
Stack trace:
#0 {main}  
[2021-09-23 10:04:38] local.ERROR: Symfony\Component\Debug\Exception\FatalErrorException: Uncaught Error: Call to undefined method Illuminate\Auth\Access\Gate::policies() in /Users/ashishupadhyay/Documents/work-related/projects/canonizer/code/canonizer.2.0/vendor/laravel/framework/src/Illuminate/Support/Facades/Facade.php:221
Stack trace:
#0 Command line code(1): Illuminate\Support\Facades\Facade::__callStatic('policies', Array)
#1 {main}
  thrown in /Users/ashishupadhyay/Documents/work-related/projects/canonizer/code/canonizer.2.0/vendor/laravel/framework/src/Illuminate/Support/Facades/Facade.php:221
Stack trace:
#0 {main}  
[2021-09-23 10:05:38] local.ERROR: Symfony\Component\Debug\Exception\FatalErrorException: Uncaught Error: Call to undefined method Illuminate\Auth\Access\Gate::policies() in /Users/ashishupadhyay/Documents/work-related/projects/canonizer/code/canonizer.2.0/vendor/laravel/framework/src/Illuminate/Support/Facades/Facade.php:221
Stack trace:
#0 Command line code(1): Illuminate\Support\Facades\Facade::__callStatic('policies', Array)
#1 {main}
  thrown in /Users/ashishupadhyay/Documents/work-related/projects/canonizer/code/canonizer.2.0/vendor/laravel/framework/src/Illuminate/Support/Facades/Facade.php:221
Stack trace:
#0 {main}  
[2021-09-23 10:06:38] local.ERROR: Symfony\Component\Debug\Exception\FatalErrorException: Uncaught Error: Call to undefined method Illuminate\Auth\Access\Gate::policies() in /Users/ashishupadhyay/Documents/work-related/projects/canonizer/code/canonizer.2.0/vendor/laravel/framework/src/Illuminate/Support/Facades/Facade.php:221
Stack trace:
#0 Command line code(1): Illuminate\Support\Facades\Facade::__callStatic('policies', Array)
#1 {main}
  thrown in /Users/ashishupadhyay/Documents/work-related/projects/canonizer/code/canonizer.2.0/vendor/laravel/framework/src/Illuminate/Support/Facades/Facade.php:221
Stack trace:
#0 {main}  
[2021-09-23 10:07:38] local.ERROR: Symfony\Component\Debug\Exception\FatalErrorException: Uncaught Error: Call to undefined method Illuminate\Auth\Access\Gate::policies() in /Users/ashishupadhyay/Documents/work-related/projects/canonizer/code/canonizer.2.0/vendor/laravel/framework/src/Illuminate/Support/Facades/Facade.php:221
Stack trace:
#0 Command line code(1): Illuminate\Support\Facades\Facade::__callStatic('policies', Array)
#1 {main}
  thrown in /Users/ashishupadhyay/Documents/work-related/projects/canonizer/code/canonizer.2.0/vendor/laravel/framework/src/Illuminate/Support/Facades/Facade.php:221
Stack trace:
#0 {main}  
[2021-09-23 10:08:38] local.ERROR: Symfony\Component\Debug\Exception\FatalErrorException: Uncaught Error: Call to undefined method Illuminate\Auth\Access\Gate::policies() in /Users/ashishupadhyay/Documents/work-related/projects/canonizer/code/canonizer.2.0/vendor/laravel/framework/src/Illuminate/Support/Facades/Facade.php:221
Stack trace:
#0 Command line code(1): Illuminate\Support\Facades\Facade::__callStatic('policies', Array)
#1 {main}
  thrown in /Users/ashishupadhyay/Documents/work-related/projects/canonizer/code/canonizer.2.0/vendor/laravel/framework/src/Illuminate/Support/Facades/Facade.php:221
Stack trace:
#0 {main}  
[2021-09-23 10:09:38] local.ERROR: Symfony\Component\Debug\Exception\FatalErrorException: Uncaught Error: Call to undefined method Illuminate\Auth\Access\Gate::policies() in /Users/ashishupadhyay/Documents/work-related/projects/canonizer/code/canonizer.2.0/vendor/laravel/framework/src/Illuminate/Support/Facades/Facade.php:221
Stack trace:
#0 Command line code(1): Illuminate\Support\Facades\Facade::__callStatic('policies', Array)
#1 {main}
  thrown in /Users/ashishupadhyay/Documents/work-related/projects/canonizer/code/canonizer.2.0/vendor/laravel/framework/src/Illuminate/Support/Facades/Facade.php:221
Stack trace:
#0 {main}  
[2021-09-23 10:10:38] local.ERROR: Symfony\Component\Debug\Exception\FatalErrorException: Uncaught Error: Call to undefined method Illuminate\Auth\Access\Gate::policies() in /Users/ashishupadhyay/Documents/work-related/projects/canonizer/code/canonizer.2.0/vendor/laravel/framework/src/Illuminate/Support/Facades/Facade.php:221
Stack trace:
#0 Command line code(1): Illuminate\Support\Facades\Facade::__callStatic('policies', Array)
#1 {main}
  thrown in /Users/ashishupadhyay/Documents/work-related/projects/canonizer/code/canonizer.2.0/vendor/laravel/framework/src/Illuminate/Support/Facades/Facade.php:221
Stack trace:
#0 {main}  
[2021-09-23 10:11:38] local.ERROR: Symfony\Component\Debug\Exception\FatalErrorException: Uncaught Error: Call to undefined method Illuminate\Auth\Access\Gate::policies() in /Users/ashishupadhyay/Documents/work-related/projects/canonizer/code/canonizer.2.0/vendor/laravel/framework/src/Illuminate/Support/Facades/Facade.php:221
Stack trace:
#0 Command line code(1): Illuminate\Support\Facades\Facade::__callStatic('policies', Array)
#1 {main}
  thrown in /Users/ashishupadhyay/Documents/work-related/projects/canonizer/code/canonizer.2.0/vendor/laravel/framework/src/Illuminate/Support/Facades/Facade.php:221
Stack trace:
#0 {main}  
[2021-09-23 10:12:38] local.ERROR: Symfony\Component\Debug\Exception\FatalErrorException: Uncaught Error: Call to undefined method Illuminate\Auth\Access\Gate::policies() in /Users/ashishupadhyay/Documents/work-related/projects/canonizer/code/canonizer.2.0/vendor/laravel/framework/src/Illuminate/Support/Facades/Facade.php:221
Stack trace:
#0 Command line code(1): Illuminate\Support\Facades\Facade::__callStatic('policies', Array)
#1 {main}
  thrown in /Users/ashishupadhyay/Documents/work-related/projects/canonizer/code/canonizer.2.0/vendor/laravel/framework/src/Illuminate/Support/Facades/Facade.php:221
Stack trace:
#0 {main}  
[2021-09-23 10:13:38] local.ERROR: Symfony\Component\Debug\Exception\FatalErrorException: Uncaught Error: Call to undefined method Illuminate\Auth\Access\Gate::policies() in /Users/ashishupadhyay/Documents/work-related/projects/canonizer/code/canonizer.2.0/vendor/laravel/framework/src/Illuminate/Support/Facades/Facade.php:221
Stack trace:
#0 Command line code(1): Illuminate\Support\Facades\Facade::__callStatic('policies', Array)
#1 {main}
  thrown in /Users/ashishupadhyay/Documents/work-related/projects/canonizer/code/canonizer.2.0/vendor/laravel/framework/src/Illuminate/Support/Facades/Facade.php:221
Stack trace:
#0 {main}  
[2021-09-23 10:14:38] local.ERROR: Symfony\Component\Debug\Exception\FatalErrorException: Uncaught Error: Call to undefined method Illuminate\Auth\Access\Gate::policies() in /Users/ashishupadhyay/Documents/work-related/projects/canonizer/code/canonizer.2.0/vendor/laravel/framework/src/Illuminate/Support/Facades/Facade.php:221
Stack trace:
#0 Command line code(1): Illuminate\Support\Facades\Facade::__callStatic('policies', Array)
#1 {main}
  thrown in /Users/ashishupadhyay/Documents/work-related/projects/canonizer/code/canonizer.2.0/vendor/laravel/framework/src/Illuminate/Support/Facades/Facade.php:221
Stack trace:
#0 {main}  
[2021-09-23 10:15:38] local.ERROR: Symfony\Component\Debug\Exception\FatalErrorException: Uncaught Error: Call to undefined method Illuminate\Auth\Access\Gate::policies() in /Users/ashishupadhyay/Documents/work-related/projects/canonizer/code/canonizer.2.0/vendor/laravel/framework/src/Illuminate/Support/Facades/Facade.php:221
Stack trace:
#0 Command line code(1): Illuminate\Support\Facades\Facade::__callStatic('policies', Array)
#1 {main}
  thrown in /Users/ashishupadhyay/Documents/work-related/projects/canonizer/code/canonizer.2.0/vendor/laravel/framework/src/Illuminate/Support/Facades/Facade.php:221
Stack trace:
#0 {main}  
[2021-09-23 10:16:38] local.ERROR: Symfony\Component\Debug\Exception\FatalErrorException: Uncaught Error: Call to undefined method Illuminate\Auth\Access\Gate::policies() in /Users/ashishupadhyay/Documents/work-related/projects/canonizer/code/canonizer.2.0/vendor/laravel/framework/src/Illuminate/Support/Facades/Facade.php:221
Stack trace:
#0 Command line code(1): Illuminate\Support\Facades\Facade::__callStatic('policies', Array)
#1 {main}
  thrown in /Users/ashishupadhyay/Documents/work-related/projects/canonizer/code/canonizer.2.0/vendor/laravel/framework/src/Illuminate/Support/Facades/Facade.php:221
Stack trace:
#0 {main}  
[2021-09-23 10:17:38] local.ERROR: Symfony\Component\Debug\Exception\FatalErrorException: Uncaught Error: Call to undefined method Illuminate\Auth\Access\Gate::policies() in /Users/ashishupadhyay/Documents/work-related/projects/canonizer/code/canonizer.2.0/vendor/laravel/framework/src/Illuminate/Support/Facades/Facade.php:221
Stack trace:
#0 Command line code(1): Illuminate\Support\Facades\Facade::__callStatic('policies', Array)
#1 {main}
  thrown in /Users/ashishupadhyay/Documents/work-related/projects/canonizer/code/canonizer.2.0/vendor/laravel/framework/src/Illuminate/Support/Facades/Facade.php:221
Stack trace:
#0 {main}  
[2021-09-23 10:18:38] local.ERROR: Symfony\Component\Debug\Exception\FatalErrorException: Uncaught Error: Call to undefined method Illuminate\Auth\Access\Gate::policies() in /Users/ashishupadhyay/Documents/work-related/projects/canonizer/code/canonizer.2.0/vendor/laravel/framework/src/Illuminate/Support/Facades/Facade.php:221
Stack trace:
#0 Command line code(1): Illuminate\Support\Facades\Facade::__callStatic('policies', Array)
#1 {main}
  thrown in /Users/ashishupadhyay/Documents/work-related/projects/canonizer/code/canonizer.2.0/vendor/laravel/framework/src/Illuminate/Support/Facades/Facade.php:221
Stack trace:
#0 {main}  
[2021-09-23 10:19:38] local.ERROR: Symfony\Component\Debug\Exception\FatalErrorException: Uncaught Error: Call to undefined method Illuminate\Auth\Access\Gate::policies() in /Users/ashishupadhyay/Documents/work-related/projects/canonizer/code/canonizer.2.0/vendor/laravel/framework/src/Illuminate/Support/Facades/Facade.php:221
Stack trace:
#0 Command line code(1): Illuminate\Support\Facades\Facade::__callStatic('policies', Array)
#1 {main}
  thrown in /Users/ashishupadhyay/Documents/work-related/projects/canonizer/code/canonizer.2.0/vendor/laravel/framework/src/Illuminate/Support/Facades/Facade.php:221
Stack trace:
#0 {main}  
[2021-09-23 10:20:38] local.ERROR: Symfony\Component\Debug\Exception\FatalErrorException: Uncaught Error: Call to undefined method Illuminate\Auth\Access\Gate::policies() in /Users/ashishupadhyay/Documents/work-related/projects/canonizer/code/canonizer.2.0/vendor/laravel/framework/src/Illuminate/Support/Facades/Facade.php:221
Stack trace:
#0 Command line code(1): Illuminate\Support\Facades\Facade::__callStatic('policies', Array)
#1 {main}
  thrown in /Users/ashishupadhyay/Documents/work-related/projects/canonizer/code/canonizer.2.0/vendor/laravel/framework/src/Illuminate/Support/Facades/Facade.php:221
Stack trace:
#0 {main}  
[2021-09-23 10:21:38] local.ERROR: Symfony\Component\Debug\Exception\FatalErrorException: Uncaught Error: Call to undefined method Illuminate\Auth\Access\Gate::policies() in /Users/ashishupadhyay/Documents/work-related/projects/canonizer/code/canonizer.2.0/vendor/laravel/framework/src/Illuminate/Support/Facades/Facade.php:221
Stack trace:
#0 Command line code(1): Illuminate\Support\Facades\Facade::__callStatic('policies', Array)
#1 {main}
  thrown in /Users/ashishupadhyay/Documents/work-related/projects/canonizer/code/canonizer.2.0/vendor/laravel/framework/src/Illuminate/Support/Facades/Facade.php:221
Stack trace:
#0 {main}  
[2021-09-23 10:22:38] local.ERROR: Symfony\Component\Debug\Exception\FatalErrorException: Uncaught Error: Call to undefined method Illuminate\Auth\Access\Gate::policies() in /Users/ashishupadhyay/Documents/work-related/projects/canonizer/code/canonizer.2.0/vendor/laravel/framework/src/Illuminate/Support/Facades/Facade.php:221
Stack trace:
#0 Command line code(1): Illuminate\Support\Facades\Facade::__callStatic('policies', Array)
#1 {main}
  thrown in /Users/ashishupadhyay/Documents/work-related/projects/canonizer/code/canonizer.2.0/vendor/laravel/framework/src/Illuminate/Support/Facades/Facade.php:221
Stack trace:
#0 {main}  
[2021-09-23 10:23:38] local.ERROR: Symfony\Component\Debug\Exception\FatalErrorException: Uncaught Error: Call to undefined method Illuminate\Auth\Access\Gate::policies() in /Users/ashishupadhyay/Documents/work-related/projects/canonizer/code/canonizer.2.0/vendor/laravel/framework/src/Illuminate/Support/Facades/Facade.php:221
Stack trace:
#0 Command line code(1): Illuminate\Support\Facades\Facade::__callStatic('policies', Array)
#1 {main}
  thrown in /Users/ashishupadhyay/Documents/work-related/projects/canonizer/code/canonizer.2.0/vendor/laravel/framework/src/Illuminate/Support/Facades/Facade.php:221
Stack trace:
#0 {main}  
[2021-09-23 10:24:38] local.ERROR: Symfony\Component\Debug\Exception\FatalErrorException: Uncaught Error: Call to undefined method Illuminate\Auth\Access\Gate::policies() in /Users/ashishupadhyay/Documents/work-related/projects/canonizer/code/canonizer.2.0/vendor/laravel/framework/src/Illuminate/Support/Facades/Facade.php:221
Stack trace:
#0 Command line code(1): Illuminate\Support\Facades\Facade::__callStatic('policies', Array)
#1 {main}
  thrown in /Users/ashishupadhyay/Documents/work-related/projects/canonizer/code/canonizer.2.0/vendor/laravel/framework/src/Illuminate/Support/Facades/Facade.php:221
Stack trace:
#0 {main}  
[2021-09-23 10:25:38] local.ERROR: Symfony\Component\Debug\Exception\FatalErrorException: Uncaught Error: Call to undefined method Illuminate\Auth\Access\Gate::policies() in /Users/ashishupadhyay/Documents/work-related/projects/canonizer/code/canonizer.2.0/vendor/laravel/framework/src/Illuminate/Support/Facades/Facade.php:221
Stack trace:
#0 Command line code(1): Illuminate\Support\Facades\Facade::__callStatic('policies', Array)
#1 {main}
  thrown in /Users/ashishupadhyay/Documents/work-related/projects/canonizer/code/canonizer.2.0/vendor/laravel/framework/src/Illuminate/Support/Facades/Facade.php:221
Stack trace:
#0 {main}  
[2021-09-23 10:26:38] local.ERROR: Symfony\Component\Debug\Exception\FatalErrorException: Uncaught Error: Call to undefined method Illuminate\Auth\Access\Gate::policies() in /Users/ashishupadhyay/Documents/work-related/projects/canonizer/code/canonizer.2.0/vendor/laravel/framework/src/Illuminate/Support/Facades/Facade.php:221
Stack trace:
#0 Command line code(1): Illuminate\Support\Facades\Facade::__callStatic('policies', Array)
#1 {main}
  thrown in /Users/ashishupadhyay/Documents/work-related/projects/canonizer/code/canonizer.2.0/vendor/laravel/framework/src/Illuminate/Support/Facades/Facade.php:221
Stack trace:
#0 {main}  
[2021-09-23 10:27:38] local.ERROR: Symfony\Component\Debug\Exception\FatalErrorException: Uncaught Error: Call to undefined method Illuminate\Auth\Access\Gate::policies() in /Users/ashishupadhyay/Documents/work-related/projects/canonizer/code/canonizer.2.0/vendor/laravel/framework/src/Illuminate/Support/Facades/Facade.php:221
Stack trace:
#0 Command line code(1): Illuminate\Support\Facades\Facade::__callStatic('policies', Array)
#1 {main}
  thrown in /Users/ashishupadhyay/Documents/work-related/projects/canonizer/code/canonizer.2.0/vendor/laravel/framework/src/Illuminate/Support/Facades/Facade.php:221
Stack trace:
#0 {main}  
[2021-09-23 10:28:38] local.ERROR: Symfony\Component\Debug\Exception\FatalErrorException: Uncaught Error: Call to undefined method Illuminate\Auth\Access\Gate::policies() in /Users/ashishupadhyay/Documents/work-related/projects/canonizer/code/canonizer.2.0/vendor/laravel/framework/src/Illuminate/Support/Facades/Facade.php:221
Stack trace:
#0 Command line code(1): Illuminate\Support\Facades\Facade::__callStatic('policies', Array)
#1 {main}
  thrown in /Users/ashishupadhyay/Documents/work-related/projects/canonizer/code/canonizer.2.0/vendor/laravel/framework/src/Illuminate/Support/Facades/Facade.php:221
Stack trace:
#0 {main}  
[2021-09-23 10:29:38] local.ERROR: Symfony\Component\Debug\Exception\FatalErrorException: Uncaught Error: Call to undefined method Illuminate\Auth\Access\Gate::policies() in /Users/ashishupadhyay/Documents/work-related/projects/canonizer/code/canonizer.2.0/vendor/laravel/framework/src/Illuminate/Support/Facades/Facade.php:221
Stack trace:
#0 Command line code(1): Illuminate\Support\Facades\Facade::__callStatic('policies', Array)
#1 {main}
  thrown in /Users/ashishupadhyay/Documents/work-related/projects/canonizer/code/canonizer.2.0/vendor/laravel/framework/src/Illuminate/Support/Facades/Facade.php:221
Stack trace:
#0 {main}  
[2021-09-23 10:30:38] local.ERROR: Symfony\Component\Debug\Exception\FatalErrorException: Uncaught Error: Call to undefined method Illuminate\Auth\Access\Gate::policies() in /Users/ashishupadhyay/Documents/work-related/projects/canonizer/code/canonizer.2.0/vendor/laravel/framework/src/Illuminate/Support/Facades/Facade.php:221
Stack trace:
#0 Command line code(1): Illuminate\Support\Facades\Facade::__callStatic('policies', Array)
#1 {main}
  thrown in /Users/ashishupadhyay/Documents/work-related/projects/canonizer/code/canonizer.2.0/vendor/laravel/framework/src/Illuminate/Support/Facades/Facade.php:221
Stack trace:
#0 {main}  
[2021-09-23 10:31:38] local.ERROR: Symfony\Component\Debug\Exception\FatalErrorException: Uncaught Error: Call to undefined method Illuminate\Auth\Access\Gate::policies() in /Users/ashishupadhyay/Documents/work-related/projects/canonizer/code/canonizer.2.0/vendor/laravel/framework/src/Illuminate/Support/Facades/Facade.php:221
Stack trace:
#0 Command line code(1): Illuminate\Support\Facades\Facade::__callStatic('policies', Array)
#1 {main}
  thrown in /Users/ashishupadhyay/Documents/work-related/projects/canonizer/code/canonizer.2.0/vendor/laravel/framework/src/Illuminate/Support/Facades/Facade.php:221
Stack trace:
#0 {main}  
[2021-09-23 10:32:38] local.ERROR: Symfony\Component\Debug\Exception\FatalErrorException: Uncaught Error: Call to undefined method Illuminate\Auth\Access\Gate::policies() in /Users/ashishupadhyay/Documents/work-related/projects/canonizer/code/canonizer.2.0/vendor/laravel/framework/src/Illuminate/Support/Facades/Facade.php:221
Stack trace:
#0 Command line code(1): Illuminate\Support\Facades\Facade::__callStatic('policies', Array)
#1 {main}
  thrown in /Users/ashishupadhyay/Documents/work-related/projects/canonizer/code/canonizer.2.0/vendor/laravel/framework/src/Illuminate/Support/Facades/Facade.php:221
Stack trace:
#0 {main}  
[2021-09-23 10:33:38] local.ERROR: Symfony\Component\Debug\Exception\FatalErrorException: Uncaught Error: Call to undefined method Illuminate\Auth\Access\Gate::policies() in /Users/ashishupadhyay/Documents/work-related/projects/canonizer/code/canonizer.2.0/vendor/laravel/framework/src/Illuminate/Support/Facades/Facade.php:221
Stack trace:
#0 Command line code(1): Illuminate\Support\Facades\Facade::__callStatic('policies', Array)
#1 {main}
  thrown in /Users/ashishupadhyay/Documents/work-related/projects/canonizer/code/canonizer.2.0/vendor/laravel/framework/src/Illuminate/Support/Facades/Facade.php:221
Stack trace:
#0 {main}  
[2021-09-23 10:34:38] local.ERROR: Symfony\Component\Debug\Exception\FatalErrorException: Uncaught Error: Call to undefined method Illuminate\Auth\Access\Gate::policies() in /Users/ashishupadhyay/Documents/work-related/projects/canonizer/code/canonizer.2.0/vendor/laravel/framework/src/Illuminate/Support/Facades/Facade.php:221
Stack trace:
#0 Command line code(1): Illuminate\Support\Facades\Facade::__callStatic('policies', Array)
#1 {main}
  thrown in /Users/ashishupadhyay/Documents/work-related/projects/canonizer/code/canonizer.2.0/vendor/laravel/framework/src/Illuminate/Support/Facades/Facade.php:221
Stack trace:
#0 {main}  
[2021-09-23 10:35:38] local.ERROR: Symfony\Component\Debug\Exception\FatalErrorException: Uncaught Error: Call to undefined method Illuminate\Auth\Access\Gate::policies() in /Users/ashishupadhyay/Documents/work-related/projects/canonizer/code/canonizer.2.0/vendor/laravel/framework/src/Illuminate/Support/Facades/Facade.php:221
Stack trace:
#0 Command line code(1): Illuminate\Support\Facades\Facade::__callStatic('policies', Array)
#1 {main}
  thrown in /Users/ashishupadhyay/Documents/work-related/projects/canonizer/code/canonizer.2.0/vendor/laravel/framework/src/Illuminate/Support/Facades/Facade.php:221
Stack trace:
#0 {main}  
[2021-09-23 10:36:38] local.ERROR: Symfony\Component\Debug\Exception\FatalErrorException: Uncaught Error: Call to undefined method Illuminate\Auth\Access\Gate::policies() in /Users/ashishupadhyay/Documents/work-related/projects/canonizer/code/canonizer.2.0/vendor/laravel/framework/src/Illuminate/Support/Facades/Facade.php:221
Stack trace:
#0 Command line code(1): Illuminate\Support\Facades\Facade::__callStatic('policies', Array)
#1 {main}
  thrown in /Users/ashishupadhyay/Documents/work-related/projects/canonizer/code/canonizer.2.0/vendor/laravel/framework/src/Illuminate/Support/Facades/Facade.php:221
Stack trace:
#0 {main}  
[2021-09-23 10:37:38] local.ERROR: Symfony\Component\Debug\Exception\FatalErrorException: Uncaught Error: Call to undefined method Illuminate\Auth\Access\Gate::policies() in /Users/ashishupadhyay/Documents/work-related/projects/canonizer/code/canonizer.2.0/vendor/laravel/framework/src/Illuminate/Support/Facades/Facade.php:221
Stack trace:
#0 Command line code(1): Illuminate\Support\Facades\Facade::__callStatic('policies', Array)
#1 {main}
  thrown in /Users/ashishupadhyay/Documents/work-related/projects/canonizer/code/canonizer.2.0/vendor/laravel/framework/src/Illuminate/Support/Facades/Facade.php:221
Stack trace:
#0 {main}  
[2021-09-23 10:38:39] local.ERROR: Symfony\Component\Debug\Exception\FatalErrorException: Uncaught Error: Call to undefined method Illuminate\Auth\Access\Gate::policies() in /Users/ashishupadhyay/Documents/work-related/projects/canonizer/code/canonizer.2.0/vendor/laravel/framework/src/Illuminate/Support/Facades/Facade.php:221
Stack trace:
#0 Command line code(1): Illuminate\Support\Facades\Facade::__callStatic('policies', Array)
#1 {main}
  thrown in /Users/ashishupadhyay/Documents/work-related/projects/canonizer/code/canonizer.2.0/vendor/laravel/framework/src/Illuminate/Support/Facades/Facade.php:221
Stack trace:
#0 {main}  
[2021-09-23 10:39:38] local.ERROR: Symfony\Component\Debug\Exception\FatalErrorException: Uncaught Error: Call to undefined method Illuminate\Auth\Access\Gate::policies() in /Users/ashishupadhyay/Documents/work-related/projects/canonizer/code/canonizer.2.0/vendor/laravel/framework/src/Illuminate/Support/Facades/Facade.php:221
Stack trace:
#0 Command line code(1): Illuminate\Support\Facades\Facade::__callStatic('policies', Array)
#1 {main}
  thrown in /Users/ashishupadhyay/Documents/work-related/projects/canonizer/code/canonizer.2.0/vendor/laravel/framework/src/Illuminate/Support/Facades/Facade.php:221
Stack trace:
#0 {main}  
[2021-09-23 10:40:38] local.ERROR: Symfony\Component\Debug\Exception\FatalErrorException: Uncaught Error: Call to undefined method Illuminate\Auth\Access\Gate::policies() in /Users/ashishupadhyay/Documents/work-related/projects/canonizer/code/canonizer.2.0/vendor/laravel/framework/src/Illuminate/Support/Facades/Facade.php:221
Stack trace:
#0 Command line code(1): Illuminate\Support\Facades\Facade::__callStatic('policies', Array)
#1 {main}
  thrown in /Users/ashishupadhyay/Documents/work-related/projects/canonizer/code/canonizer.2.0/vendor/laravel/framework/src/Illuminate/Support/Facades/Facade.php:221
Stack trace:
#0 {main}  
[2021-09-23 10:41:38] local.ERROR: Symfony\Component\Debug\Exception\FatalErrorException: Uncaught Error: Call to undefined method Illuminate\Auth\Access\Gate::policies() in /Users/ashishupadhyay/Documents/work-related/projects/canonizer/code/canonizer.2.0/vendor/laravel/framework/src/Illuminate/Support/Facades/Facade.php:221
Stack trace:
#0 Command line code(1): Illuminate\Support\Facades\Facade::__callStatic('policies', Array)
#1 {main}
  thrown in /Users/ashishupadhyay/Documents/work-related/projects/canonizer/code/canonizer.2.0/vendor/laravel/framework/src/Illuminate/Support/Facades/Facade.php:221
Stack trace:
#0 {main}  
[2021-09-23 10:42:38] local.ERROR: Symfony\Component\Debug\Exception\FatalErrorException: Uncaught Error: Call to undefined method Illuminate\Auth\Access\Gate::policies() in /Users/ashishupadhyay/Documents/work-related/projects/canonizer/code/canonizer.2.0/vendor/laravel/framework/src/Illuminate/Support/Facades/Facade.php:221
Stack trace:
#0 Command line code(1): Illuminate\Support\Facades\Facade::__callStatic('policies', Array)
#1 {main}
  thrown in /Users/ashishupadhyay/Documents/work-related/projects/canonizer/code/canonizer.2.0/vendor/laravel/framework/src/Illuminate/Support/Facades/Facade.php:221
Stack trace:
#0 {main}  
[2021-09-23 10:43:38] local.ERROR: Symfony\Component\Debug\Exception\FatalErrorException: Uncaught Error: Call to undefined method Illuminate\Auth\Access\Gate::policies() in /Users/ashishupadhyay/Documents/work-related/projects/canonizer/code/canonizer.2.0/vendor/laravel/framework/src/Illuminate/Support/Facades/Facade.php:221
Stack trace:
#0 Command line code(1): Illuminate\Support\Facades\Facade::__callStatic('policies', Array)
#1 {main}
  thrown in /Users/ashishupadhyay/Documents/work-related/projects/canonizer/code/canonizer.2.0/vendor/laravel/framework/src/Illuminate/Support/Facades/Facade.php:221
Stack trace:
#0 {main}  
[2021-09-23 10:44:38] local.ERROR: Symfony\Component\Debug\Exception\FatalErrorException: Uncaught Error: Call to undefined method Illuminate\Auth\Access\Gate::policies() in /Users/ashishupadhyay/Documents/work-related/projects/canonizer/code/canonizer.2.0/vendor/laravel/framework/src/Illuminate/Support/Facades/Facade.php:221
Stack trace:
#0 Command line code(1): Illuminate\Support\Facades\Facade::__callStatic('policies', Array)
#1 {main}
  thrown in /Users/ashishupadhyay/Documents/work-related/projects/canonizer/code/canonizer.2.0/vendor/laravel/framework/src/Illuminate/Support/Facades/Facade.php:221
Stack trace:
#0 {main}  
